<?xml version="1.0" encoding="UTF-8"?>
<!-- Generated by org.testng.reporters.JUnitReportReporter -->
<testsuite hostname="LAPTOP-VRIV7SIU" failures="0" tests="5" name="testcases.TestProject" time="28.099" errors="0" timestamp="21 Mar 2022 13:41:03 GMT">
  <testcase classname="testcases.TestProject" name="enter_SiginDetails" time="1.251"/>
  <testcase classname="testcases.TestProject" name="set_date_time" time="5.881"/>
  <testcase classname="testcases.TestProject" name="create_new_dashboard" time="10.246"/>
  <testcase classname="testcases.TestProject" name="create_new_project" time="4.156"/>
  <testcase classname="testcases.TestProject" name="dashboard_tabs" time="6.565"/>
</testsuite> <!-- testcases.TestProject -->
